<?xml version="1.0" encoding="UTF-8"?>
<!-- Generated by org.testng.reporters.JUnitReportReporter -->
<testsuite hostname="SIPL92" failures="0" tests="1" name="autoFrame_TestCase.TestCase1" time="0.120" errors="0" timestamp="2022-09-27T11:12:10 IST" skipped="0">
  <testcase classname="autoFrame_TestCase.TestCase1" name="testCase1" time="0.120"/>
  <system-out/>
</testsuite> <!-- autoFrame_TestCase.TestCase1 -->
